0 info it worked if it ends with ok
1 verbose cli [ 'C:\\Program Files\\nodejs\\\\node.exe',
1 verbose cli   'C:\\Program Files\\nodejs\\node_modules\\npm\\bin\\npm-cli.js',
1 verbose cli   'install',
1 verbose cli   '-g',
1 verbose cli   'express-generator' ]
2 info using npm@2.9.1
3 info using node@v0.12.3
4 verbose node symlink C:\Program Files\nodejs\\node.exe
5 verbose install initial load of C:\Users\BlackHat\AppData\Roaming\npm\package.json
6 verbose readDependencies loading dependencies from C:\Users\BlackHat\AppData\Roaming\npm\package.json
7 silly cache add args [ 'express-generator', null ]
8 verbose cache add spec express-generator
9 silly cache add parsed spec { raw: 'express-generator',
9 silly cache add   scope: null,
9 silly cache add   name: 'express-generator',
9 silly cache add   rawSpec: '',
9 silly cache add   spec: '*',
9 silly cache add   type: 'range' }
10 silly addNamed express-generator@*
11 verbose addNamed "*" is a valid semver range for express-generator
12 silly addNameRange { name: 'express-generator', range: '*', hasData: false }
13 silly mapToRegistry name express-generator
14 silly mapToRegistry using default registry
15 silly mapToRegistry registry https://registry.npmjs.org/
16 silly mapToRegistry uri https://registry.npmjs.org/express-generator
17 verbose addNameRange registry:https://registry.npmjs.org/express-generator not in flight; fetching
18 verbose request uri https://registry.npmjs.org/express-generator
19 verbose request no auth needed
20 info attempt registry request try #1 at 5:02:30 PM
21 verbose request id 1e2a39f97cf588cb
22 http request GET https://registry.npmjs.org/express-generator
23 info retry will retry, error on last attempt: Error: getaddrinfo ENOTFOUND registry.npmjs.org
24 info attempt registry request try #2 at 5:02:40 PM
25 http request GET https://registry.npmjs.org/express-generator
26 info retry will retry, error on last attempt: Error: getaddrinfo ENOTFOUND registry.npmjs.org
27 info attempt registry request try #3 at 5:03:40 PM
28 http request GET https://registry.npmjs.org/express-generator
29 verbose stack Error: getaddrinfo ENOTFOUND registry.npmjs.org
29 verbose stack     at errnoException (dns.js:44:10)
29 verbose stack     at GetAddrInfoReqWrap.onlookup [as oncomplete] (dns.js:94:26)
30 verbose cwd C:\Users\BlackHat\Desktop\Bootstrap workspace\bootstrap
31 error Windows_NT 6.3.9600
32 error argv "C:\\Program Files\\nodejs\\\\node.exe" "C:\\Program Files\\nodejs\\node_modules\\npm\\bin\\npm-cli.js" "install" "-g" "express-generator"
33 error node v0.12.3
34 error npm  v2.9.1
35 error code ENOTFOUND
36 error errno ENOTFOUND
37 error syscall getaddrinfo
38 error network getaddrinfo ENOTFOUND registry.npmjs.org
38 error network This is most likely not a problem with npm itself
38 error network and is related to network connectivity.
38 error network In most cases you are behind a proxy or have bad network settings.
38 error network
38 error network If you are behind a proxy, please make sure that the
38 error network 'proxy' config is set properly.  See: 'npm help config'
39 verbose exit [ 1, true ]
